\BOOKMARK [1][-]{section.1}{\376\377\000A\000\040\000b\000r\000e\000i\000f\000\040\000h\000e\000a\000d\000\040\000n\000o\000t\000e\000\040\000a\000n\000d\000\040\000i\000n\000t\000r\000o\000d\000u\000c\000t\000i\000o\000n}{}% 1
\BOOKMARK [1][-]{section.2}{\376\377\000A\000n\000a\000l\000y\000s\000i\000s}{}% 2
\BOOKMARK [2][-]{subsection.2.1}{\376\377\000T\000h\000e\000\040\000c\000u\000r\000r\000e\000n\000t\000\040\000p\000r\000o\000b\000l\000e\000m}{section.2}% 3
\BOOKMARK [2][-]{subsection.2.2}{\376\377\000A\000\040\000s\000o\000l\000u\000t\000i\000o\000n}{section.2}% 4
\BOOKMARK [2][-]{subsection.2.3}{\376\377\000W\000h\000a\000t\000\040\000i\000s\000\040\000a\000\040\000p\000r\000o\000g\000r\000a\000m\000m\000i\000n\000g\000\040\000l\000a\000n\000g\000u\000a\000g\000e}{section.2}% 5
\BOOKMARK [3][-]{subsubsection.2.3.1}{\376\377\000A\000\040\000v\000e\000r\000y\000\040\000s\000i\000m\000p\000l\000e\000\040\000e\000x\000p\000l\000a\000n\000a\000t\000i\000o\000n}{subsection.2.3}% 6
\BOOKMARK [3][-]{subsubsection.2.3.2}{\376\377\000W\000h\000y\000\040\000a\000r\000e\000\040\000t\000h\000e\000r\000e\000\040\000s\000o\000\040\000m\000a\000n\000y}{subsection.2.3}% 7
\BOOKMARK [2][-]{subsection.2.4}{\376\377\000R\000e\000s\000e\000a\000r\000c\000h\000i\000n\000g\000\040\000a\000n\000d\000\040\000g\000e\000t\000t\000i\000n\000g\000\040\000a\000\040\000s\000c\000o\000p\000e\000\040\000o\000f\000\040\000t\000h\000e\000\040\000p\000r\000o\000j\000e\000c\000t}{section.2}% 8
\BOOKMARK [3][-]{subsubsection.2.4.1}{\376\377\000E\000x\000a\000m\000p\000l\000e\000s\000\040\000o\000f\000\040\000o\000l\000d\000e\000r\000\040\000s\000i\000m\000i\000l\000a\000r\000\040\000p\000r\000o\000j\000e\000c\000t\000s}{subsection.2.4}% 9
\BOOKMARK [3][-]{subsubsection.2.4.2}{\376\377\000E\000x\000a\000m\000p\000l\000e\000s\000\040\000o\000f\000\040\000n\000e\000w\000e\000r\000\040\000s\000i\000m\000i\000l\000a\000r\000\040\000p\000r\000o\000j\000e\000c\000t\000s}{subsection.2.4}% 10
\BOOKMARK [3][-]{subsubsection.2.4.3}{\376\377\000W\000h\000a\000t\000\040\000s\000h\000o\000u\000l\000d\000\040\000b\000e\000\040\000t\000a\000k\000e\000n\000\040\000a\000w\000a\000y\000\040\000f\000r\000o\000m\000\040\000t\000h\000e\000s\000e\000\040\000l\000a\000n\000g\000u\000a\000g\000e\000s}{subsection.2.4}% 11
\BOOKMARK [2][-]{subsection.2.5}{\376\377\000C\000l\000i\000e\000n\000t\000s}{section.2}% 12
\BOOKMARK [3][-]{subsubsection.2.5.1}{\376\377\000C\000l\000i\000e\000n\000t\000\040\0001\000:\000\040\000A\000m\000y\000\040\000C}{subsection.2.5}% 13
\BOOKMARK [3][-]{subsubsection.2.5.2}{\376\377\000C\000l\000i\000e\000n\000t\000\040\0002\000:\000\040\000R\000a\000y\000n\000\040\000M}{subsection.2.5}% 14
\BOOKMARK [3][-]{subsubsection.2.5.3}{\376\377\000C\000l\000i\000e\000n\000t\000\040\0003\000:\000\040\000M\000y\000s\000e\000l\000f}{subsection.2.5}% 15
\BOOKMARK [2][-]{subsection.2.6}{\376\377\000Q\000u\000e\000s\000t\000i\000o\000n\000n\000a\000i\000r\000e\000s}{section.2}% 16
\BOOKMARK [3][-]{subsubsection.2.6.1}{\376\377\000A\000m\000y\000\040\000C\000,\000\040\000i\000n\000i\000t\000i\000a\000l\000\040\000i\000d\000e\000a\000s}{subsection.2.6}% 17
\BOOKMARK [3][-]{subsubsection.2.6.2}{\376\377\000N\000o\000t\000e\000s\000\040\000f\000r\000o\000m\000\040\000q\000u\000e\000s\000t\000i\000o\000n\000n\000a\000r\000e\000\040\0001}{subsection.2.6}% 18
\BOOKMARK [2][-]{subsection.2.7}{\376\377\000T\000h\000e\000\040\000f\000i\000r\000s\000t\000\040\000e\000l\000e\000m\000e\000n\000t\000s\000\040\000o\000f\000\040\000t\000h\000e\000\040\000p\000r\000o\000j\000e\000c\000t}{section.2}% 19
\BOOKMARK [1][-]{section.3}{\376\377\000M\000o\000d\000e\000l\000l\000i\000n\000g}{}% 20
\BOOKMARK [2][-]{subsection.3.1}{\376\377\000L\000i\000n\000k\000e\000d\000\040\000l\000i\000s\000t\000s}{section.3}% 21
\BOOKMARK [2][-]{subsection.3.2}{\376\377\000D\000i\000c\000t\000i\000o\000n\000a\000r\000i\000e\000s}{section.3}% 22
\BOOKMARK [2][-]{subsection.3.3}{\376\377\000P\000r\000o\000t\000o\000t\000y\000p\000i\000n\000g\000\040\000h\000a\000r\000d\000e\000r\000\040\000f\000e\000a\000t\000u\000r\000e\000s}{section.3}% 23
\BOOKMARK [3][-]{subsubsection.3.3.1}{\376\377\000A\000b\000s\000t\000r\000a\000c\000t\000\040\000s\000y\000n\000t\000a\000x\000\040\000t\000r\000e\000e\000s\000\040\000\050\000A\000S\000T\000'\000s\000\051\000\040\000t\000h\000e\000o\000r\000y}{subsection.3.3}% 24
\BOOKMARK [3][-]{subsubsection.3.3.2}{\376\377\000A\000b\000s\000t\000r\000a\000c\000t\000\040\000s\000y\000n\000t\000a\000x\000\040\000t\000r\000e\000e\000s\000\040\000\050\000A\000S\000T\000'\000s\000\051\000\040\000p\000r\000a\000c\000t\000i\000c\000a\000l}{subsection.3.3}% 25
\BOOKMARK [2][-]{subsection.3.4}{\376\377\000F\000e\000e\000d\000b\000a\000c\000k}{section.3}% 26
\BOOKMARK [2][-]{subsection.3.5}{\376\377\000M\000i\000x\000i\000n\000g\000\040\000l\000i\000n\000k\000e\000d\000\040\000l\000i\000s\000t\000s\000\040\000a\000n\000d\000\040\000A\000S\000T\000'\000s}{section.3}% 27
\BOOKMARK [1][-]{section.4}{\376\377\000O\000b\000j\000e\000c\000t\000i\000v\000e\000s}{}% 28
\BOOKMARK [2][-]{subsection.4.1}{\376\377\000C\000o\000r\000e\000\040\000o\000b\000j\000e\000c\000t\000i\000v\000e\000s}{section.4}% 29
\BOOKMARK [2][-]{subsection.4.2}{\376\377\000E\000x\000t\000r\000a\000\040\000o\000b\000j\000e\000c\000t\000i\000v\000e\000s}{section.4}% 30
\BOOKMARK [1][-]{section.5}{\376\377\000D\000e\000s\000i\000g\000n}{}% 31
\BOOKMARK [2][-]{subsection.5.1}{\376\377\000L\000a\000n\000g\000u\000a\000g\000e\000\040\000s\000p\000e\000c\000i\000f\000i\000c\000a\000t\000i\000o\000n}{section.5}% 32
\BOOKMARK [2][-]{subsection.5.2}{\376\377\000K\000e\000y\000w\000o\000r\000d\000s}{section.5}% 33
\BOOKMARK [2][-]{subsection.5.3}{\376\377\000O\000t\000h\000e\000r\000\040\000c\000o\000d\000e\000\040\000e\000l\000e\000m\000e\000n\000t\000s}{section.5}% 34
\BOOKMARK [2][-]{subsection.5.4}{\376\377\000M\000e\000m\000o\000r\000y\000\040\000m\000a\000n\000a\000g\000e\000m\000e\000n\000t}{section.5}% 35
\BOOKMARK [2][-]{subsection.5.5}{\376\377\000T\000h\000e\000\040\000s\000t\000e\000p\000s\000\040\000i\000n\000\040\000c\000o\000m\000p\000i\000l\000i\000n\000g\000\040\000a\000\040\000z\000i\000p\000p\000y\000\040\000p\000r\000o\000g\000r\000a\000m}{section.5}% 36
\BOOKMARK [3][-]{subsubsection.5.5.1}{\376\377\000C\000o\000n\000v\000e\000r\000t\000i\000n\000g\000\040\000z\000i\000p\000p\000y\000\040\000t\000o\000\040\000C}{subsection.5.5}% 37
\BOOKMARK [2][-]{subsection.5.6}{\376\377\000A\000c\000t\000u\000a\000l\000l\000y\000\040\000u\000s\000i\000n\000g\000\040\000z\000i\000p\000p\000y}{section.5}% 38
\BOOKMARK [2][-]{subsection.5.7}{\376\377\000M\000o\000d\000e\000l\000l\000i\000n\000g\000\040\000t\000h\000e\000\040\000c\000o\000m\000p\000i\000l\000a\000t\000i\000o\000n\000\040\000p\000r\000o\000c\000e\000s\000s}{section.5}% 39
\BOOKMARK [2][-]{subsection.5.8}{\376\377\000M\000o\000d\000e\000l\000l\000i\000n\000g\000\040\000d\000a\000t\000a\000\040\000s\000t\000r\000u\000c\000t\000u\000r\000e\000s\000\040\000I\000\040\000w\000i\000l\000l\000\040\000u\000s\000e}{section.5}% 40
\BOOKMARK [3][-]{subsubsection.5.8.1}{\376\377\000A\000s\000t\000N\000o\000d\000e}{subsection.5.8}% 41
\BOOKMARK [3][-]{subsubsection.5.8.2}{\376\377\000A\000r\000r\000a\000y\000\040\000l\000i\000s\000t}{subsection.5.8}% 42
\BOOKMARK [2][-]{subsection.5.9}{\376\377\000W\000h\000y\000\040\000s\000o\000\040\000f\000e\000w\000?}{section.5}% 43
\BOOKMARK [1][-]{section.6}{\376\377\000I\000m\000p\000l\000e\000m\000e\000n\000t\000a\000t\000i\000o\000n}{}% 44
\BOOKMARK [2][-]{subsection.6.1}{\376\377\000H\000e\000a\000d\000e\000r\000\040\000f\000i\000l\000e\000s}{section.6}% 45
\BOOKMARK [2][-]{subsection.6.2}{\376\377\000T\000h\000e\000\040\000C\000\040\000l\000i\000n\000k\000i\000n\000g\000\040\000p\000r\000o\000c\000e\000s\000s}{section.6}% 46
\BOOKMARK [2][-]{subsection.6.3}{\376\377\000Z\000p\000y\000p\000k\000g}{section.6}% 47
\BOOKMARK [2][-]{subsection.6.4}{\376\377\000Z\000p\000y\000l\000i\000b}{section.6}% 48
\BOOKMARK [2][-]{subsection.6.5}{\376\377\000O\000t\000h\000e\000r\000\040\000l\000i\000b\000r\000a\000r\000i\000e\000s}{section.6}% 49
\BOOKMARK [1][-]{section.7}{\376\377\000T\000e\000s\000t\000i\000n\000g}{}% 50
\BOOKMARK [2][-]{subsection.7.1}{\376\377\000I\000n\000t\000r\000o\000d\000u\000c\000t\000i\000o\000n}{section.7}% 51
\BOOKMARK [2][-]{subsection.7.2}{\376\377\000F\000i\000b\000o\000n\000a\000c\000c\000i}{section.7}% 52
\BOOKMARK [3][-]{subsubsection.7.2.1}{\376\377\000C\000o\000d\000e}{subsection.7.2}% 53
\BOOKMARK [3][-]{subsubsection.7.2.2}{\376\377\000D\000e\000m\000o}{subsection.7.2}% 54
\BOOKMARK [3][-]{subsubsection.7.2.3}{\376\377\000P\000e\000r\000f\000o\000r\000m\000a\000n\000c\000e}{subsection.7.2}% 55
\BOOKMARK [2][-]{subsection.7.3}{\376\377\000S\000t\000r\000i\000n\000g\000\040\000s\000p\000l\000i\000t\000t\000i\000n\000g}{section.7}% 56
\BOOKMARK [3][-]{subsubsection.7.3.1}{\376\377\000C\000o\000d\000e}{subsection.7.3}% 57
\BOOKMARK [3][-]{subsubsection.7.3.2}{\376\377\000O\000u\000t\000p\000u\000t}{subsection.7.3}% 58
\BOOKMARK [3][-]{subsubsection.7.3.3}{\376\377\000E\000x\000p\000l\000a\000i\000n\000i\000n\000g}{subsection.7.3}% 59
\BOOKMARK [2][-]{subsection.7.4}{\376\377\000z\000p\000y\000p\000k\000g\000\040\000e\000x\000a\000m\000p\000l\000e}{section.7}% 60
\BOOKMARK [3][-]{subsubsection.7.4.1}{\376\377\000U\000s\000i\000n\000g\000\040\000z\000p\000y\000p\000k\000g}{subsection.7.4}% 61
\BOOKMARK [2][-]{subsection.7.5}{\376\377\000S\000p\000a\000c\000e\000\040\000i\000n\000v\000a\000d\000e\000r\000s}{section.7}% 62
\BOOKMARK [3][-]{subsubsection.7.5.1}{\376\377\000B\000a\000c\000k\000g\000r\000o\000u\000n\000d}{subsection.7.5}% 63
\BOOKMARK [3][-]{subsubsection.7.5.2}{\376\377\000C\000o\000d\000e}{subsection.7.5}% 64
\BOOKMARK [3][-]{subsubsection.7.5.3}{\376\377\000S\000e\000e\000i\000n\000g\000\040\000i\000t\000\040\000g\000o}{subsection.7.5}% 65
\BOOKMARK [1][-]{section.8}{\376\377\000E\000v\000a\000l\000u\000a\000t\000i\000o\000n}{}% 66
\BOOKMARK [2][-]{subsection.8.1}{\376\377\000C\000o\000r\000e\000\040\000o\000b\000j\000e\000c\000t\000i\000v\000e\000s}{section.8}% 67
\BOOKMARK [2][-]{subsection.8.2}{\376\377\000E\000x\000t\000r\000a\000\040\000o\000b\000j\000e\000c\000t\000i\000v\000e\000s}{section.8}% 68
\BOOKMARK [2][-]{subsection.8.3}{\376\377\000C\000o\000m\000p\000a\000r\000i\000n\000g\000\040\000t\000h\000e\000\040\000g\000o\000a\000l\000s\000\040\000t\000o\000\040\000t\000h\000e\000\040\000p\000r\000o\000d\000u\000c\000t}{section.8}% 69
\BOOKMARK [3][-]{subsubsection.8.3.1}{\376\377\000A\000\040\000c\000o\000m\000p\000i\000l\000e\000r\000\040\000f\000o\000r\000\040\000t\000h\000e\000\040\000Z\000i\000p\000p\000y\000\040\000l\000a\000n\000g\000u\000a\000g\000e}{subsection.8.3}% 70
\BOOKMARK [3][-]{subsubsection.8.3.2}{\376\377\000A\000S\000T\000'\000s\000\040\000u\000s\000e\000d\000\040\000t\000o\000\040\000c\000o\000m\000p\000i\000l\000e\000\040\000s\000o\000u\000r\000c\000e\000\040\000c\000o\000d\000e}{subsection.8.3}% 71
\BOOKMARK [3][-]{subsubsection.8.3.3}{\376\377\000A\000\040\000l\000i\000s\000p\000\040\000l\000i\000k\000e\000\040\000s\000y\000n\000t\000a\000x}{subsection.8.3}% 72
\BOOKMARK [3][-]{subsubsection.8.3.4}{\376\377\000F\000u\000n\000c\000t\000i\000o\000n\000a\000l\000\040\000p\000a\000r\000a\000d\000i\000g\000m\000\040\000l\000a\000n\000g\000u\000a\000g\000e}{subsection.8.3}% 73
\BOOKMARK [3][-]{subsubsection.8.3.5}{\376\377\000R\000e\000c\000u\000r\000s\000i\000o\000n}{subsection.8.3}% 74
\BOOKMARK [3][-]{subsubsection.8.3.6}{\376\377\000H\000i\000g\000h\000e\000r\000\040\000o\000r\000d\000e\000r\000\040\000f\000u\000n\000c\000t\000i\000o\000n\000s}{subsection.8.3}% 75
\BOOKMARK [3][-]{subsubsection.8.3.7}{\376\377\000A\000\040\000h\000i\000g\000h\000\040\000p\000e\000r\000f\000o\000r\000m\000a\000n\000c\000e\000\040\000l\000a\000n\000g\000u\000a\000g\000e}{subsection.8.3}% 76
\BOOKMARK [3][-]{subsubsection.8.3.8}{\376\377\000A\000\040\000p\000a\000c\000k\000a\000g\000e\000\040\000m\000a\000n\000a\000g\000e\000r}{subsection.8.3}% 77
\BOOKMARK [3][-]{subsubsection.8.3.9}{\376\377\000A\000b\000i\000l\000i\000t\000y\000\040\000t\000o\000\040\000c\000a\000l\000l\000\040\000C\000\040\000f\000u\000n\000c\000t\000i\000o\000n\000s}{subsection.8.3}% 78
\BOOKMARK [2][-]{subsection.8.4}{\376\377\000T\000h\000o\000u\000g\000h\000t\000s\000\040\000o\000n\000\040\000t\000h\000e\000\040\000c\000o\000r\000e\000\040\000o\000b\000j\000e\000c\000t\000i\000v\000e\000s}{section.8}% 79
\BOOKMARK [2][-]{subsection.8.5}{\376\377\000E\000x\000t\000r\000a\000\040\000o\000b\000j\000e\000c\000t\000i\000v\000e\000s}{section.8}% 80
